生成启动时间为 2016/3/2 星期三 19:46:11。
     1>项目“C:\Users\Administrator\Desktop\四则运算器。\四则运算器。\四则运算器。.vcxproj”在节点 2 上(build 个目标)。
     1>InitializeBuildStatus:
         正在创建“Release\四则运算器。.unsuccessfulbuild”，因为已指定“AlwaysCreate”。
       ClCompile:
         C:\Program Files (x86)\Microsoft Visual Studio 10.0\VC\bin\CL.exe /c /Zi /nologo /W3 /WX- /O2 /Oi /Oy- /GL /D WIN32 /D NDEBUG /D _CONSOLE /D _MBCS /Gm- /EHsc /MD /GS /Gy /fp:precise /Zc:wchar_t /Zc:forScope /Fo"Release\\" /Fd"Release\vc100.pdb" /Gd /TP /analyze- /errorReport:prompt "四则运算器.cpp"
         四则运算器.cpp
     1>四则运算器.cpp(18): warning C4996: 'sprintf': This function or variable may be unsafe. Consider using sprintf_s instead. To disable deprecation, use _CRT_SECURE_NO_WARNINGS. See online help for details.
                 C:\Program Files (x86)\Microsoft Visual Studio 10.0\VC\include\stdio.h(371) : 参见“sprintf”的声明
     1>四则运算器.cpp(348): warning C4018: “<”: 有符号/无符号不匹配
     1>四则运算器.cpp(554): warning C4018: “<”: 有符号/无符号不匹配
     1>四则运算器.cpp(563): warning C4018: “<”: 有符号/无符号不匹配
       Link:
         C:\Program Files (x86)\Microsoft Visual Studio 10.0\VC\bin\link.exe /ERRORREPORT:PROMPT /OUT:"C:\Users\Administrator\Desktop\四则运算器。\Release\四则运算器。.exe" /INCREMENTAL:NO /NOLOGO kernel32.lib user32.lib gdi32.lib winspool.lib comdlg32.lib advapi32.lib shell32.lib ole32.lib oleaut32.lib uuid.lib odbc32.lib odbccp32.lib /MANIFEST /ManifestFile:"Release\四则运算器。.exe.intermediate.manifest" /MANIFESTUAC:"level='asInvoker' uiAccess='false'" /DEBUG /PDB:"C:\Users\Administrator\Desktop\四则运算器。\Release\四则运算器。.pdb" /SUBSYSTEM:CONSOLE /OPT:REF /OPT:ICF /LTCG /TLBID:1 /DYNAMICBASE /NXCOMPAT /IMPLIB:"C:\Users\Administrator\Desktop\四则运算器。\Release\四则运算器。.lib" /MACHINE:X86 "Release\四则运算器.obj"
         正在生成代码
     1>c:\users\administrator\desktop\四则运算器。\四则运算器。\四则运算器.cpp(288): warning C4715: “isRepeat”: 不是所有的控件路径都返回值
     1>c:\users\administrator\desktop\四则运算器。\四则运算器。\四则运算器.cpp(132): warning C4715: “getPri”: 不是所有的控件路径都返回值
         已完成代码的生成
         四则运算器。.vcxproj -> C:\Users\Administrator\Desktop\四则运算器。\Release\四则运算器。.exe
       Manifest:
         C:\Program Files (x86)\Microsoft SDKs\Windows\v7.0A\bin\mt.exe /nologo /verbose /outputresource:"C:\Users\Administrator\Desktop\四则运算器。\Release\四则运算器。.exe;#1" /manifest "Release\四则运算器。.exe.intermediate.manifest"
       FinalizeBuildStatus:
         正在删除文件“Release\四则运算器。.unsuccessfulbuild”。
         正在对“Release\四则运算器。.lastbuildstate”执行 Touch 任务。
     1>已完成生成项目“C:\Users\Administrator\Desktop\四则运算器。\四则运算器。\四则运算器。.vcxproj”(build 个目标)的操作。

生成成功。

已用时间 00:00:03.99
